TN:
SF:matchers.js
FN:5,(anonymous_0)
FN:9,(anonymous_1)
FN:17,(anonymous_2)
FN:25,(anonymous_3)
FN:33,(anonymous_4)
FN:41,(anonymous_5)
FN:44,(anonymous_6)
FN:45,(anonymous_7)
FN:47,(anonymous_8)
FN:48,(anonymous_9)
FN:57,(anonymous_10)
FN:61,(anonymous_11)
FNF:12
FNH:12
FNDA:1,(anonymous_0)
FNDA:1,(anonymous_1)
FNDA:1,(anonymous_2)
FNDA:1,(anonymous_3)
FNDA:4,(anonymous_4)
FNDA:1,(anonymous_5)
FNDA:1,(anonymous_6)
FNDA:1,(anonymous_7)
FNDA:1,(anonymous_8)
FNDA:1,(anonymous_9)
FNDA:1,(anonymous_10)
FNDA:1,(anonymous_11)
DA:3,1
DA:5,1
DA:6,1
DA:9,1
DA:10,1
DA:11,1
DA:12,1
DA:13,1
DA:17,1
DA:18,1
DA:22,1
DA:25,1
DA:26,1
DA:27,1
DA:28,1
DA:33,1
DA:34,4
DA:35,2
DA:37,2
DA:39,1
DA:41,1
DA:42,1
DA:44,1
DA:45,1
DA:47,1
DA:48,1
DA:53,1
DA:54,1
DA:55,1
DA:57,1
DA:58,1
DA:61,1
DA:62,1
LF:33
LH:33
BRDA:34,0,0,2
BRDA:34,0,1,2
BRF:2
BRH:2
end_of_record
